<?xml version="1.0" encoding="UTF-8"?>
<testsuite xmlns:xsi="http://www.w3.org/2001/XMLSchema-instance" xsi:noNamespaceSchemaLocation="https://maven.apache.org/surefire/maven-surefire-plugin/xsd/surefire-test-report.xsd" name="org.luis.api.AppTest" time="0.061" tests="5" errors="0" skipped="0" failures="0">
  <properties>
[...]
</properties>
  <testcase name="testTranslateEnglishSpanish" classname="org.luis.api.AppTest" time="0.01"/>
  <testcase name="testTranslateSpanishEnglish" classname="org.luis.api.AppTest" time="0.002"/>
  <testcase name="testTranslateWordNotInDictionary" classname="org.luis.api.AppTest" time="0.002"/>
  <testcase name="testDictionaryNotAvailableExceptio" classname="org.luis.api.AppTest" time="0.001"/>
  <testcase name="testAllPropertiesSetforRequest" classname="org.luis.api.AppTest" time="0.002"/>
</testsuite>